  [1m[36mSQL (0.4ms)[0m  [1m SELECT name
 FROM sqlite_master
 WHERE type = 'table' AND NOT name = 'sqlite_sequence'
[0m
  [1m[35mSQL (0.2ms)[0m  select sqlite_version(*)
  [1m[36mSQL (25.6ms)[0m  [1mCREATE TABLE "schema_migrations" ("version" varchar(255) NOT NULL) [0m
  [1m[35mSQL (0.1ms)[0m  PRAGMA index_list("schema_migrations")
  [1m[36mSQL (19.4ms)[0m  [1mCREATE UNIQUE INDEX "unique_schema_migrations" ON "schema_migrations" ("version")[0m
  [1m[35mSQL (0.3ms)[0m   SELECT name
 FROM sqlite_master
 WHERE type = 'table' AND NOT name = 'sqlite_sequence'
  [1m[36mSQL (0.3ms)[0m  [1m SELECT name
 FROM sqlite_master
 WHERE type = 'table' AND NOT name = 'sqlite_sequence'
[0m
  [1m[35mSQL (0.2ms)[0m  SELECT "schema_migrations"."version" FROM "schema_migrations"
  [1m[36mSQL (0.1ms)[0m  [1mselect sqlite_version(*)[0m
  [1m[35mSQL (0.2ms)[0m   SELECT name
 FROM sqlite_master
 WHERE type = 'table' AND NOT name = 'sqlite_sequence'
  [1m[36mSQL (22.3ms)[0m  [1mCREATE TABLE "activities" ("id" INTEGER PRIMARY KEY AUTOINCREMENT NOT NULL, "activity_verb_id" integer, "created_at" datetime, "updated_at" datetime, "parent_id" integer, "tie_id" integer) [0m
  [1m[35mSQL (0.1ms)[0m  PRAGMA index_list("activities")
  [1m[36mSQL (17.6ms)[0m  [1mCREATE INDEX "fk_activity_verb" ON "activities" ("activity_verb_id")[0m
  [1m[35mSQL (0.2ms)[0m  PRAGMA index_list("activities")
  [1m[36mSQL (0.1ms)[0m  [1mPRAGMA index_info('fk_activity_verb')[0m
  [1m[35mSQL (24.6ms)[0m  CREATE INDEX "fk_activities_tie" ON "activities" ("tie_id")
  [1m[36mSQL (0.3ms)[0m  [1m SELECT name
 FROM sqlite_master
 WHERE type = 'table' AND NOT name = 'sqlite_sequence'
[0m
  [1m[35mSQL (19.8ms)[0m  CREATE TABLE "activity_object_activities" ("id" INTEGER PRIMARY KEY AUTOINCREMENT NOT NULL, "activity_id" integer, "activity_object_id" integer, "created_at" datetime, "updated_at" datetime, "type" varchar(45)) 
  [1m[36mSQL (0.1ms)[0m  [1mPRAGMA index_list("activity_object_activities")[0m
  [1m[35mSQL (14.5ms)[0m  CREATE INDEX "fk_activity_object_activities_1" ON "activity_object_activities" ("activity_id")
  [1m[36mSQL (0.2ms)[0m  [1mPRAGMA index_list("activity_object_activities")[0m
  [1m[35mSQL (0.1ms)[0m  PRAGMA index_info('fk_activity_object_activities_1')
  [1m[36mSQL (21.6ms)[0m  [1mCREATE INDEX "fk_activity_object_activities_2" ON "activity_object_activities" ("activity_object_id")[0m
  [1m[35mSQL (0.3ms)[0m   SELECT name
 FROM sqlite_master
 WHERE type = 'table' AND NOT name = 'sqlite_sequence'
  [1m[36mSQL (14.8ms)[0m  [1mCREATE TABLE "activity_objects" ("id" INTEGER PRIMARY KEY AUTOINCREMENT NOT NULL, "created_at" datetime, "updated_at" datetime, "object_type" varchar(45)) [0m
  [1m[35mSQL (0.3ms)[0m   SELECT name
 FROM sqlite_master
 WHERE type = 'table' AND NOT name = 'sqlite_sequence'
  [1m[36mSQL (17.5ms)[0m  [1mCREATE TABLE "activity_verbs" ("id" INTEGER PRIMARY KEY AUTOINCREMENT NOT NULL, "name" varchar(45), "created_at" datetime, "updated_at" datetime) [0m
  [1m[35mSQL (0.3ms)[0m   SELECT name
 FROM sqlite_master
 WHERE type = 'table' AND NOT name = 'sqlite_sequence'
  [1m[36mSQL (13.6ms)[0m  [1mCREATE TABLE "actors" ("id" INTEGER PRIMARY KEY AUTOINCREMENT NOT NULL, "name" varchar(45), "email" varchar(255) DEFAULT '' NOT NULL, "permalink" varchar(45), "created_at" datetime, "updated_at" datetime, "activity_object_id" integer) [0m
  [1m[35mSQL (0.1ms)[0m  PRAGMA index_list("actors")
  [1m[36mSQL (22.7ms)[0m  [1mCREATE INDEX "fk_actors_activity_object" ON "actors" ("activity_object_id")[0m
  [1m[35mSQL (0.1ms)[0m  PRAGMA index_list("actors")
  [1m[36mSQL (0.1ms)[0m  [1mPRAGMA index_info('fk_actors_activity_object')[0m
  [1m[35mSQL (14.9ms)[0m  CREATE INDEX "index_actors_on_email" ON "actors" ("email")
  [1m[36mSQL (0.2ms)[0m  [1mPRAGMA index_list("actors")[0m
  [1m[35mSQL (0.1ms)[0m  PRAGMA index_info('index_actors_on_email')
  [1m[36mSQL (0.1ms)[0m  [1mPRAGMA index_info('fk_actors_activity_object')[0m
  [1m[35mSQL (18.7ms)[0m  CREATE UNIQUE INDEX "index_actors_on_permalink" ON "actors" ("permalink")
  [1m[36mSQL (0.3ms)[0m  [1m SELECT name
 FROM sqlite_master
 WHERE type = 'table' AND NOT name = 'sqlite_sequence'
[0m
  [1m[35mSQL (17.4ms)[0m  CREATE TABLE "permissions" ("id" INTEGER PRIMARY KEY AUTOINCREMENT NOT NULL, "action" varchar(255), "object" varchar(255), "parameter" varchar(255), "created_at" datetime, "updated_at" datetime) 
  [1m[36mSQL (0.4ms)[0m  [1m SELECT name
 FROM sqlite_master
 WHERE type = 'table' AND NOT name = 'sqlite_sequence'
[0m
  [1m[35mSQL (22.3ms)[0m  CREATE TABLE "relation_permissions" ("id" INTEGER PRIMARY KEY AUTOINCREMENT NOT NULL, "relation_id" integer, "permission_id" integer, "created_at" datetime, "updated_at" datetime) 
  [1m[36mSQL (0.1ms)[0m  [1mPRAGMA index_list("relation_permissions")[0m
  [1m[35mSQL (19.1ms)[0m  CREATE INDEX "fk_relation_permissions_relation" ON "relation_permissions" ("relation_id")
  [1m[36mSQL (0.2ms)[0m  [1mPRAGMA index_list("relation_permissions")[0m
  [1m[35mSQL (0.1ms)[0m  PRAGMA index_info('fk_relation_permissions_relation')
  [1m[36mSQL (28.5ms)[0m  [1mCREATE INDEX "fk_relation_permissions_permission" ON "relation_permissions" ("permission_id")[0m
  [1m[35mSQL (0.4ms)[0m   SELECT name
 FROM sqlite_master
 WHERE type = 'table' AND NOT name = 'sqlite_sequence'
  [1m[36mSQL (17.6ms)[0m  [1mCREATE TABLE "relations" ("id" INTEGER PRIMARY KEY AUTOINCREMENT NOT NULL, "name" varchar(45), "created_at" datetime, "updated_at" datetime, "mode" varchar(255), "ancestry" varchar(255)) [0m
  [1m[35mSQL (0.1ms)[0m  PRAGMA index_list("relations")
  [1m[36mSQL (19.1ms)[0m  [1mCREATE INDEX "index_relations_on_ancestry" ON "relations" ("ancestry")[0m
  [1m[35mSQL (0.4ms)[0m   SELECT name
 FROM sqlite_master
 WHERE type = 'table' AND NOT name = 'sqlite_sequence'
  [1m[36mSQL (23.3ms)[0m  [1mCREATE TABLE "tags" ("id" INTEGER PRIMARY KEY AUTOINCREMENT NOT NULL, "name" varchar(45), "created_at" datetime, "updated_at" datetime) [0m
  [1m[35mSQL (0.5ms)[0m   SELECT name
 FROM sqlite_master
 WHERE type = 'table' AND NOT name = 'sqlite_sequence'
  [1m[36mSQL (21.9ms)[0m  [1mCREATE TABLE "tags_activity_objects" ("id" INTEGER PRIMARY KEY AUTOINCREMENT NOT NULL, "tag_id" integer, "activity_object_id" integer) [0m
  [1m[35mSQL (0.1ms)[0m  PRAGMA index_list("tags_activity_objects")
  [1m[36mSQL (19.2ms)[0m  [1mCREATE INDEX "fk_tags_activity_objects_2" ON "tags_activity_objects" ("activity_object_id")[0m
  [1m[35mSQL (0.2ms)[0m  PRAGMA index_list("tags_activity_objects")
  [1m[36mSQL (0.1ms)[0m  [1mPRAGMA index_info('fk_tags_activity_objects_2')[0m
  [1m[35mSQL (19.4ms)[0m  CREATE INDEX "fk_tags_activity_objects_1" ON "tags_activity_objects" ("tag_id")
  [1m[36mSQL (0.5ms)[0m  [1m SELECT name
 FROM sqlite_master
 WHERE type = 'table' AND NOT name = 'sqlite_sequence'
[0m
  [1m[35mSQL (31.3ms)[0m  CREATE TABLE "ties" ("id" INTEGER PRIMARY KEY AUTOINCREMENT NOT NULL, "sender_id" integer, "receiver_id" integer, "relation_id" integer, "created_at" datetime, "updated_at" datetime) 
  [1m[36mSQL (0.1ms)[0m  [1mPRAGMA index_list("ties")[0m
  [1m[35mSQL (22.7ms)[0m  CREATE INDEX "fk_tie_receiver" ON "ties" ("receiver_id")
  [1m[36mSQL (0.2ms)[0m  [1mPRAGMA index_list("ties")[0m
  [1m[35mSQL (0.1ms)[0m  PRAGMA index_info('fk_tie_receiver')
  [1m[36mSQL (25.3ms)[0m  [1mCREATE INDEX "fk_tie_relation" ON "ties" ("relation_id")[0m
  [1m[35mSQL (0.2ms)[0m  PRAGMA index_list("ties")
  [1m[36mSQL (0.1ms)[0m  [1mPRAGMA index_info('fk_tie_relation')[0m
  [1m[35mSQL (0.1ms)[0m  PRAGMA index_info('fk_tie_receiver')
  [1m[36mSQL (29.4ms)[0m  [1mCREATE INDEX "fk_tie_sender" ON "ties" ("sender_id")[0m
  [1m[35mSQL (0.5ms)[0m   SELECT name
 FROM sqlite_master
 WHERE type = 'table' AND NOT name = 'sqlite_sequence'
  [1m[36mSQL (24.6ms)[0m  [1mCREATE TABLE "schema_migrations" ("version" varchar(255) NOT NULL) [0m
  [1m[35mSQL (0.1ms)[0m  PRAGMA index_list("schema_migrations")
  [1m[36mSQL (17.3ms)[0m  [1mCREATE UNIQUE INDEX "unique_schema_migrations" ON "schema_migrations" ("version")[0m
  [1m[35mSQL (0.6ms)[0m   SELECT name
 FROM sqlite_master
 WHERE type = 'table' AND NOT name = 'sqlite_sequence'
  [1m[36mSQL (0.1ms)[0m  [1mSELECT version FROM "schema_migrations"[0m
  [1m[35mSQL (20.0ms)[0m  INSERT INTO "schema_migrations" (version) VALUES ('0')
